Log file open, 02/13/23 21:24:07
LogConfig: Display: Loading Mac ini files took 0.02 seconds
LogConfig: Display: Loading IOS ini files took 0.02 seconds
LogConfig: Display: Loading VulkanPC ini files took 0.02 seconds
LogConfig: Display: Loading HoloLens ini files took 0.02 seconds
LogConfig: Display: Loading Android ini files took 0.02 seconds
LogConfig: Display: Loading TVOS ini files took 0.02 seconds
LogConfig: Display: Loading Unix ini files took 0.02 seconds
LogConfig: Display: Loading Windows ini files took 0.02 seconds
LogConfig: Display: Loading Linux ini files took 0.03 seconds
LogConfig: Display: Loading LinuxArm64 ini files took 0.03 seconds
Message dialog closed, result: No, title: Missing Plugin, text: This project requires the 'ElectronicNodes' plugin, which could not be found. Would you like to disable it and continue?

If you do, you will no longer be able to open any assets created with it. If not, the application will close.
LogPluginManager: Error: Unable to load plugin 'ElectronicNodes'. Aborting.
LogCore: Engine exit requested (reason: EngineExit() was called)
LogExit: Preparing to exit.
LogVirtualization: UE::Virtualization was shutdown
LogModuleManager: Shutting down and abandoning module AnimationModifiers (40)
LogModuleManager: Shutting down and abandoning module AudioEditor (38)
LogModuleManager: Shutting down and abandoning module PropertyEditor (37)
LogModuleManager: Shutting down and abandoning module Virtualization (34)
LogModuleManager: Shutting down and abandoning module MessageLog (33)
LogModuleManager: Shutting down and abandoning module TextureCompressor (30)
LogModuleManager: Shutting down and abandoning module RenderCore (28)
LogModuleManager: Shutting down and abandoning module Landscape (26)
LogModuleManager: Shutting down and abandoning module SlateRHIRenderer (24)
LogModuleManager: Shutting down and abandoning module AnimGraphRuntime (22)
LogModuleManager: Shutting down and abandoning module Renderer (20)
LogModuleManager: Shutting down and abandoning module Engine (18)
LogModuleManager: Shutting down and abandoning module CoreUObject (16)
LogModuleManager: Shutting down and abandoning module SandboxFile (14)
LogModuleManager: Shutting down and abandoning module PakFile (12)
LogModuleManager: Shutting down and abandoning module RSA (11)
LogModuleManager: Shutting down and abandoning module NetworkFile (8)
LogModuleManager: Shutting down and abandoning module StreamingFile (6)
LogModuleManager: Shutting down and abandoning module CookOnTheFly (4)
LogModuleManager: Shutting down and abandoning module StorageServerClient (2)
LogExit: Exiting.
Log file closed, 02/13/23 21:25:10
